  Compiling CUDA source file kernel.cu...
  
  C:\Users\anand\Documents\Downloads\CUDAOpticalFlow\CUDAOpticalFlow\OpticalFlow>"C:\Program Files\NVIDIA GPU Computing Toolkit\CUDA\v12.6\bin\nvcc.exe" -gencode=arch=compute_52,code=\"sm_52,compute_52\" --use-local-env -ccbin "C:\Program Files\Microsoft Visual Studio\2022\Community\VC\Tools\MSVC\14.42.34433\bin\HostX64\x64" -x cu   -I"C:\Program Files\NVIDIA GPU Computing Toolkit\CUDA\v12.6\include" -I"C:\Program Files\NVIDIA GPU Computing Toolkit\CUDA\v12.6\include"  -G   --keep-dir x64\Debug  -maxrregcount=0   --machine 64 --compile -cudart static  -g  -DWIN32 -DWIN64 -D_DEBUG -D_CONSOLE -D_MBCS -Xcompiler "/EHsc /W3 /nologo /Od /FS /Zi /RTC1 /MDd " -Xcompiler "/Fdx64\Debug\vc143.pdb" -o C:\Users\anand\Documents\Downloads\CUDAOpticalFlow\CUDAOpticalFlow\OpticalFlow\x64\Debug\kernel.cu.obj "C:\Users\anand\Documents\Downloads\CUDAOpticalFlow\CUDAOpticalFlow\OpticalFlow\kernel.cu" 
C:\opencv\build\include\opencv2/stitching/detail/warpers.hpp(235): warning #611-D: overloaded virtual function "cv::detail::PlaneWarper::buildMaps" is only partially overridden in class "cv::detail::AffineWarper"
    class  AffineWarper : public PlaneWarper
           ^
  
  Remark: The warnings can be suppressed with "-diag-suppress <warning-number>"
  
C:\opencv\build\include\opencv2/stitching/detail/warpers.hpp(235): warning #611-D: overloaded virtual function "cv::detail::PlaneWarper::warp" is only partially overridden in class "cv::detail::AffineWarper"
    class  AffineWarper : public PlaneWarper
           ^
  
C:\opencv\build\include\opencv2/stitching/detail/matchers.hpp(182): warning #611-D: overloaded virtual function "cv::detail::FeaturesMatcher::match" is only partially overridden in class "cv::detail::BestOf2NearestMatcher"
    class  BestOf2NearestMatcher : public FeaturesMatcher
           ^
  
C:\opencv\build\include\opencv2/stitching/detail/matchers.hpp(236): warning #611-D: overloaded virtual function "cv::detail::FeaturesMatcher::match" is only partially overridden in class "cv::detail::AffineBestOf2NearestMatcher"
    class  AffineBestOf2NearestMatcher : public BestOf2NearestMatcher
           ^
  
C:\opencv\build\include\opencv2/stitching/detail/blenders.hpp(100): warning #611-D: overloaded virtual function "cv::detail::Blender::prepare" is only partially overridden in class "cv::detail::FeatherBlender"
    class  FeatherBlender : public Blender
           ^
  
C:\opencv\build\include\opencv2/stitching/detail/blenders.hpp(127): warning #611-D: overloaded virtual function "cv::detail::Blender::prepare" is only partially overridden in class "cv::detail::MultiBandBlender"
    class  MultiBandBlender : public Blender
           ^
  
  device_functions.h is an internal header file and must not be used directly.  This file will be removed in a future CUDA release.  Please use cuda_runtime_api.h or cuda_runtime.h instead.
C:\opencv\build\include\opencv2/stitching/detail/warpers.hpp(235): warning #611-D: overloaded virtual function "cv::detail::PlaneWarper::buildMaps" is only partially overridden in class "cv::detail::AffineWarper"
    class  AffineWarper : public PlaneWarper
           ^
  
  Remark: The warnings can be suppressed with "-diag-suppress <warning-number>"
  
C:\opencv\build\include\opencv2/stitching/detail/warpers.hpp(235): warning #611-D: overloaded virtual function "cv::detail::PlaneWarper::warp" is only partially overridden in class "cv::detail::AffineWarper"
    class  AffineWarper : public PlaneWarper
           ^
  
C:\opencv\build\include\opencv2/stitching/detail/matchers.hpp(182): warning #611-D: overloaded virtual function "cv::detail::FeaturesMatcher::match" is only partially overridden in class "cv::detail::BestOf2NearestMatcher"
    class  BestOf2NearestMatcher : public FeaturesMatcher
           ^
  
C:\opencv\build\include\opencv2/stitching/detail/matchers.hpp(236): warning #611-D: overloaded virtual function "cv::detail::FeaturesMatcher::match" is only partially overridden in class "cv::detail::AffineBestOf2NearestMatcher"
    class  AffineBestOf2NearestMatcher : public BestOf2NearestMatcher
           ^
  
C:\opencv\build\include\opencv2/stitching/detail/blenders.hpp(100): warning #611-D: overloaded virtual function "cv::detail::Blender::prepare" is only partially overridden in class "cv::detail::FeatherBlender"
    class  FeatherBlender : public Blender
           ^
  
C:\opencv\build\include\opencv2/stitching/detail/blenders.hpp(127): warning #611-D: overloaded virtual function "cv::detail::Blender::prepare" is only partially overridden in class "cv::detail::MultiBandBlender"
    class  MultiBandBlender : public Blender
           ^
  
  kernel.cu
  tmpxft_00007a40_00000000-7_kernel.cudafe1.cpp
  device_functions.h is an internal header file and must not be used directly.  This file will be removed in a future CUDA release.  Please use cuda_runtime_api.h or cuda_runtime.h instead.
C:\Users\anand\Documents\Downloads\CUDAOpticalFlow\CUDAOpticalFlow\OpticalFlow\kernel.cu(121): warning C4244: '=': conversion from 'float' to 'int', possible loss of data
C:\Users\anand\Documents\Downloads\CUDAOpticalFlow\CUDAOpticalFlow\OpticalFlow\kernel.cu(122): warning C4244: '=': conversion from 'float' to 'int', possible loss of data
C:\Users\anand\Documents\Downloads\CUDAOpticalFlow\CUDAOpticalFlow\OpticalFlow\kernel.cu(123): warning C4244: '=': conversion from 'float' to 'int', possible loss of data
C:\Users\anand\Documents\Downloads\CUDAOpticalFlow\CUDAOpticalFlow\OpticalFlow\kernel.cu(148): warning C4244: '=': conversion from 'float' to 'int', possible loss of data
C:\Users\anand\Documents\Downloads\CUDAOpticalFlow\CUDAOpticalFlow\OpticalFlow\kernel.cu(149): warning C4244: '=': conversion from 'float' to 'int', possible loss of data
     Creating library C:\Users\anand\Documents\Downloads\CUDAOpticalFlow\CUDAOpticalFlow\x64\Debug\OpticalFlow.lib and object C:\Users\anand\Documents\Downloads\CUDAOpticalFlow\CUDAOpticalFlow\x64\Debug\OpticalFlow.exp
LINK : warning LNK4098: defaultlib 'LIBCMT' conflicts with use of other libs; use /NODEFAULTLIB:library
  OpticalFlow.vcxproj -> C:\Users\anand\Documents\Downloads\CUDAOpticalFlow\CUDAOpticalFlow\x64\Debug\OpticalFlow.exe
